Figwheel: focusing on build-ids (build_needs_id_910)
[0mCompiling "resources/public/js/shooter.jsclient.client.js" from ["src" "dev"]...
[31mCompiling "resources/public/js/shooter.jsclient.client.js" failed.[0m
java.io.FileNotFoundException: dev (The system cannot find the file specified)
 at java.io.FileInputStream.open0 (:-2)
    java.io.FileInputStream.open (:-1)
    java.io.FileInputStream.<init> (:-1)
    clojure.java.io/fn (io.clj:229)
    clojure.java.io$fn__9102$G__9095__9109.invoke (io.clj:69)
    clojure.java.io/fn (io.clj:165)
    clojure.java.io$fn__9115$G__9091__9122.invoke (io.clj:69)
    clojure.java.io$reader.doInvoke (io.clj:102)
    clojure.lang.RestFn.invoke (RestFn.java:410)
    cljs.closure$compile_file.invoke (closure.clj:429)
    cljs.closure$eval3545$fn__3546.invoke (closure.clj:479)
    cljs.closure$eval3497$fn__3498$G__3488__3505.invoke (closure.clj:383)
    cljs.closure$eval3558$fn__3559.invoke (closure.clj:492)
    cljs.closure$eval3497$fn__3498$G__3488__3505.invoke (closure.clj:383)
    clojurescript_build.core.CompilableSourcePaths/fn (core.clj:20)
    clojure.lang.PersistentVector.reduce (PersistentVector.java:333)
    clojure.core$reduce.invoke (core.clj:6518)
    clojurescript_build.core.CompilableSourcePaths._compile (core.clj:19)
    cljs.closure$build.invoke (closure.clj:1671)
    clojurescript_build.core$build_source_paths_STAR_.invoke (core.clj:160)
    figwheel_sidecar.auto_builder$default_build_options$fn__15997.invoke (auto_builder.clj:61)
    figwheel_sidecar.auto_builder$insert_figwheel_connect_script$fn__16043.invoke (auto_builder.clj:201)
    figwheel_sidecar.auto_builder$warning$fn__15994.invoke (auto_builder.clj:57)
    clojurescript_build.auto$time_build$fn__15797.invoke (auto.clj:56)
    clojurescript_build.auto$after$fn__15803.invoke (auto.clj:65)
    clojurescript_build.auto$after$fn__15803.invoke (auto.clj:65)
    clojurescript_build.auto$error$fn__15806.invoke (auto.clj:72)
    clojurescript_build.auto$before$fn__15800.invoke (auto.clj:61)
    clojurescript_build.auto$make_conditional_builder$fn__15818.invoke (auto.clj:104)
    clojure.core$mapv$fn__6727.invoke (core.clj:6616)
[0mCompiling "resources/public/js/shooter.jsclient.client.js" from ["src" "dev"]...
[31mCompiling "resources/public/js/shooter.jsclient.client.js" failed.[0m
java.io.FileNotFoundException: dev (The system cannot find the file specified)
 at java.io.FileInputStream.open0 (:-2)
    java.io.FileInputStream.open (:-1)
    java.io.FileInputStream.<init> (:-1)
    clojure.java.io/fn (io.clj:229)
    clojure.java.io$fn__9102$G__9095__9109.invoke (io.clj:69)
    clojure.java.io/fn (io.clj:165)
    clojure.java.io$fn__9115$G__9091__9122.invoke (io.clj:69)
    clojure.java.io$reader.doInvoke (io.clj:102)
    clojure.lang.RestFn.invoke (RestFn.java:410)
    cljs.closure$compile_file.invoke (closure.clj:429)
    cljs.closure$eval3545$fn__3546.invoke (closure.clj:479)
    cljs.closure$eval3497$fn__3498$G__3488__3505.invoke (closure.clj:383)
    cljs.closure$eval3558$fn__3559.invoke (closure.clj:492)
    cljs.closure$eval3497$fn__3498$G__3488__3505.invoke (closure.clj:383)
    clojurescript_build.core.CompilableSourcePaths/fn (core.clj:20)
    clojure.lang.PersistentVector.reduce (PersistentVector.java:333)
    clojure.core$reduce.invoke (core.clj:6518)
    clojurescript_build.core.CompilableSourcePaths._compile (core.clj:19)
    cljs.closure$build.invoke (closure.clj:1671)
    clojurescript_build.core$build_source_paths_STAR_.invoke (core.clj:160)
    figwheel_sidecar.auto_builder$default_build_options$fn__15997.invoke (auto_builder.clj:61)
    figwheel_sidecar.auto_builder$insert_figwheel_connect_script$fn__16043.invoke (auto_builder.clj:201)
    figwheel_sidecar.auto_builder$warning$fn__15994.invoke (auto_builder.clj:57)
    clojurescript_build.auto$time_build$fn__15797.invoke (auto.clj:56)
    clojurescript_build.auto$after$fn__15803.invoke (auto.clj:65)
    clojurescript_build.auto$after$fn__15803.invoke (auto.clj:65)
    clojurescript_build.auto$error$fn__15806.invoke (auto.clj:72)
    clojurescript_build.auto$before$fn__15800.invoke (auto.clj:61)
    clojurescript_build.auto$make_conditional_builder$fn__15818.invoke (auto.clj:104)
    clojure.core$mapv$fn__6727.invoke (core.clj:6616)
[0mCompiling "resources/public/js/shooter.jsclient.client.js" from ["src" "dev"]...
WARNING: Use of undeclared Var shooter.game.engine/go at line 115 src\shooter\game\engine.cljs
[31mCompiling "resources/public/js/shooter.jsclient.client.js" failed.[0m
java.io.FileNotFoundException: dev (The system cannot find the file specified)
 at java.io.FileInputStream.open0 (:-2)
    java.io.FileInputStream.open (:-1)
    java.io.FileInputStream.<init> (:-1)
    clojure.java.io/fn (io.clj:229)
    clojure.java.io$fn__9102$G__9095__9109.invoke (io.clj:69)
    clojure.java.io/fn (io.clj:165)
    clojure.java.io$fn__9115$G__9091__9122.invoke (io.clj:69)
    clojure.java.io$reader.doInvoke (io.clj:102)
    clojure.lang.RestFn.invoke (RestFn.java:410)
    cljs.closure$compile_file.invoke (closure.clj:429)
    cljs.closure$eval3545$fn__3546.invoke (closure.clj:479)
    cljs.closure$eval3497$fn__3498$G__3488__3505.invoke (closure.clj:383)
    cljs.closure$eval3558$fn__3559.invoke (closure.clj:492)
    cljs.closure$eval3497$fn__3498$G__3488__3505.invoke (closure.clj:383)
    clojurescript_build.core.CompilableSourcePaths/fn (core.clj:20)
    clojure.lang.PersistentVector.reduce (PersistentVector.java:333)
    clojure.core$reduce.invoke (core.clj:6518)
    clojurescript_build.core.CompilableSourcePaths._compile (core.clj:19)
    cljs.closure$build.invoke (closure.clj:1671)
    clojurescript_build.core$build_source_paths_STAR_.invoke (core.clj:160)
    figwheel_sidecar.auto_builder$default_build_options$fn__15997.invoke (auto_builder.clj:61)
    figwheel_sidecar.auto_builder$insert_figwheel_connect_script$fn__16043.invoke (auto_builder.clj:201)
    figwheel_sidecar.auto_builder$warning$fn__15994.invoke (auto_builder.clj:57)
    clojurescript_build.auto$time_build$fn__15797.invoke (auto.clj:56)
    clojurescript_build.auto$after$fn__15803.invoke (auto.clj:65)
    clojurescript_build.auto$after$fn__15803.invoke (auto.clj:65)
    clojurescript_build.auto$error$fn__15806.invoke (auto.clj:72)
    clojurescript_build.auto$before$fn__15800.invoke (auto.clj:61)
    clojurescript_build.auto$make_conditional_builder$fn__15818.invoke (auto.clj:104)
    clojure.core$mapv$fn__6727.invoke (core.clj:6616)
[0mCompiling "resources/public/js/shooter.jsclient.client.js" from ["src" "dev"]...
WARNING: Use of undeclared Var shooter.game.engine/go at line 115 src\shooter\game\engine.cljs
[31mCompiling "resources/public/js/shooter.jsclient.client.js" failed.[0m
java.io.FileNotFoundException: dev (The system cannot find the file specified)
 at java.io.FileInputStream.open0 (:-2)
    java.io.FileInputStream.open (:-1)
    java.io.FileInputStream.<init> (:-1)
    clojure.java.io/fn (io.clj:229)
    clojure.java.io$fn__9102$G__9095__9109.invoke (io.clj:69)
    clojure.java.io/fn (io.clj:165)
    clojure.java.io$fn__9115$G__9091__9122.invoke (io.clj:69)
    clojure.java.io$reader.doInvoke (io.clj:102)
    clojure.lang.RestFn.invoke (RestFn.java:410)
    cljs.closure$compile_file.invoke (closure.clj:429)
    cljs.closure$eval3545$fn__3546.invoke (closure.clj:479)
    cljs.closure$eval3497$fn__3498$G__3488__3505.invoke (closure.clj:383)
    cljs.closure$eval3558$fn__3559.invoke (closure.clj:492)
    cljs.closure$eval3497$fn__3498$G__3488__3505.invoke (closure.clj:383)
    clojurescript_build.core.CompilableSourcePaths/fn (core.clj:20)
    clojure.lang.PersistentVector.reduce (PersistentVector.java:333)
    clojure.core$reduce.invoke (core.clj:6518)
    clojurescript_build.core.CompilableSourcePaths._compile (core.clj:19)
    cljs.closure$build.invoke (closure.clj:1671)
    clojurescript_build.core$build_source_paths_STAR_.invoke (core.clj:160)
    figwheel_sidecar.auto_builder$default_build_options$fn__15997.invoke (auto_builder.clj:61)
    figwheel_sidecar.auto_builder$insert_figwheel_connect_script$fn__16043.invoke (auto_builder.clj:201)
    figwheel_sidecar.auto_builder$warning$fn__15994.invoke (auto_builder.clj:57)
    clojurescript_build.auto$time_build$fn__15797.invoke (auto.clj:56)
    clojurescript_build.auto$after$fn__15803.invoke (auto.clj:65)
    clojurescript_build.auto$after$fn__15803.invoke (auto.clj:65)
    clojurescript_build.auto$error$fn__15806.invoke (auto.clj:72)
    clojurescript_build.auto$before$fn__15800.invoke (auto.clj:61)
    clojurescript_build.auto$make_conditional_builder$fn__15818.invoke (auto.clj:104)
    clojure.core$mapv$fn__6727.invoke (core.clj:6616)
[0mCompiling "resources/public/js/shooter.jsclient.client.js" from ["src" "dev"]...
[31mCompiling "resources/public/js/shooter.jsclient.client.js" failed.[0m
clojure.lang.Compiler$CompilerException: java.io.FileNotFoundException: Could not locate cljs/core/async__init.class or cljs/core/async.clj on classpath., compiling:(\shooter\game\engine.cljc:1:1)
 at clojure.lang.Compiler.load (Compiler.java:7239)
    clojure.lang.RT.loadResourceScript (RT.java:371)
    clojure.lang.RT.loadResourceScript (RT.java:362)
    clojure.lang.RT.load (RT.java:446)
    clojure.lang.RT.load (RT.java:412)
    clojure.core$load$fn__5448.invoke (core.clj:5866)
    clojure.core$load.doInvoke (core.clj:5865)
    clojure.lang.RestFn.invoke (RestFn.java:408)
    clojurescript_build.core$reload_lib.invoke (core.clj:46)
    clojurescript_build.core$handle_source_reloading_STAR_.invoke (core.clj:139)
    clojurescript_build.core$handle_source_reloading.invoke (core.clj:145)
    clojurescript_build.core$build_source_paths_STAR_.invoke (core.clj:158)
    figwheel_sidecar.auto_builder$default_build_options$fn__15997.invoke (auto_builder.clj:61)
    figwheel_sidecar.auto_builder$insert_figwheel_connect_script$fn__16043.invoke (auto_builder.clj:201)
    figwheel_sidecar.auto_builder$warning$fn__15994.invoke (auto_builder.clj:57)
    clojurescript_build.auto$time_build$fn__15797.invoke (auto.clj:56)
    clojurescript_build.auto$after$fn__15803.invoke (auto.clj:65)
    clojurescript_build.auto$after$fn__15803.invoke (auto.clj:65)
    clojurescript_build.auto$error$fn__15806.invoke (auto.clj:72)
    clojurescript_build.auto$before$fn__15800.invoke (auto.clj:61)
    clojurescript_build.auto$make_conditional_builder$fn__15818.invoke (auto.clj:104)
    clojure.core$mapv$fn__6727.invoke (core.clj:6616)
    clojure.lang.PersistentVector.reduce (PersistentVector.java:333)
    clojure.core$reduce.invoke (core.clj:6518)
    clojure.core$mapv.invoke (core.clj:6616)
    clojurescript_build.auto$autobuild_STAR_$fn__15904$state_machine__9309__auto____15905$fn__15910.invoke (auto.clj:187)
    clojurescript_build.auto$autobuild_STAR_$fn__15904$state_machine__9309__auto____15905.invoke (auto.clj:178)
    clojure.core.async.impl.ioc_macros$run_state_machine.invoke (ioc_macros.clj:940)
    clojure.core.async.impl.ioc_macros$run_state_machine_wrapped.invoke (ioc_macros.clj:944)
    clojure.core.async$ioc_alts_BANG_$fn__9488.invoke (async.clj:362)
[0mCompiling "resources/public/js/shooter.jsclient.client.js" from ["src" "dev"]...
[31mCompiling "resources/public/js/shooter.jsclient.client.js" failed.[0m
clojure.lang.Compiler$CompilerException: java.lang.RuntimeException: No reader function for tag +cljs, compiling:(\shooter\game\engine.cljc:2:76)
 at clojure.lang.Compiler.load (Compiler.java:7234)
    clojure.lang.RT.loadResourceScript (RT.java:371)
    clojure.lang.RT.loadResourceScript (RT.java:362)
    clojure.lang.RT.load (RT.java:446)
    clojure.lang.RT.load (RT.java:412)
    clojure.core$load$fn__5448.invoke (core.clj:5866)
    clojure.core$load.doInvoke (core.clj:5865)
    clojure.lang.RestFn.invoke (RestFn.java:408)
    clojurescript_build.core$reload_lib.invoke (core.clj:46)
    clojurescript_build.core$handle_source_reloading_STAR_.invoke (core.clj:139)
    clojurescript_build.core$handle_source_reloading.invoke (core.clj:145)
    clojurescript_build.core$build_source_paths_STAR_.invoke (core.clj:158)
    figwheel_sidecar.auto_builder$default_build_options$fn__15997.invoke (auto_builder.clj:61)
    figwheel_sidecar.auto_builder$insert_figwheel_connect_script$fn__16043.invoke (auto_builder.clj:201)
    figwheel_sidecar.auto_builder$warning$fn__15994.invoke (auto_builder.clj:57)
    clojurescript_build.auto$time_build$fn__15797.invoke (auto.clj:56)
    clojurescript_build.auto$after$fn__15803.invoke (auto.clj:65)
    clojurescript_build.auto$after$fn__15803.invoke (auto.clj:65)
    clojurescript_build.auto$error$fn__15806.invoke (auto.clj:72)
    clojurescript_build.auto$before$fn__15800.invoke (auto.clj:61)
    clojurescript_build.auto$make_conditional_builder$fn__15818.invoke (auto.clj:104)
    clojure.core$mapv$fn__6727.invoke (core.clj:6616)
    clojure.lang.PersistentVector.reduce (PersistentVector.java:333)
    clojure.core$reduce.invoke (core.clj:6518)
    clojure.core$mapv.invoke (core.clj:6616)
    clojurescript_build.auto$autobuild_STAR_$fn__15904$state_machine__9309__auto____15905$fn__15910.invoke (auto.clj:187)
    clojurescript_build.auto$autobuild_STAR_$fn__15904$state_machine__9309__auto____15905.invoke (auto.clj:178)
    clojure.core.async.impl.ioc_macros$run_state_machine.invoke (ioc_macros.clj:940)
    clojure.core.async.impl.ioc_macros$run_state_machine_wrapped.invoke (ioc_macros.clj:944)
    clojure.core.async$ioc_alts_BANG_$fn__9488.invoke (async.clj:362)
[0mCompiling "resources/public/js/shooter.jsclient.client.js" from ["src" "dev"]...
[31mCompiling "resources/public/js/shooter.jsclient.client.js" failed.[0m
clojure.lang.Compiler$CompilerException: java.lang.RuntimeException: No reader function for tag +cljs, compiling:(shooter/game/engine.cljc:2:76)
 at clojure.lang.Compiler.load (Compiler.java:7234)
    clojure.lang.RT.loadResourceScript (RT.java:371)
    clojure.lang.RT.loadResourceScript (RT.java:362)
    clojure.lang.RT.load (RT.java:446)
    clojure.lang.RT.load (RT.java:412)
    clojure.core$load$fn__5448.invoke (core.clj:5866)
    clojure.core$load.doInvoke (core.clj:5865)
    clojure.lang.RestFn.invoke (RestFn.java:408)
    clojure.core$load_one.invoke (core.clj:5671)
    clojure.core$load_lib$fn__5397.invoke (core.clj:5711)
    clojure.core$load_lib.doInvoke (core.clj:5710)
    clojure.lang.RestFn.applyTo (RestFn.java:142)
    clojure.core$apply.invoke (core.clj:632)
    clojure.core$load_libs.doInvoke (core.clj:5749)
    clojure.lang.RestFn.applyTo (RestFn.java:137)
    clojure.core$apply.invoke (core.clj:632)
    clojure.core$require.doInvoke (core.clj:5832)
    clojure.lang.RestFn.invoke (RestFn.java:512)
    shooter.core$eval28368$loading__5340__auto____28369.invoke (\shooter\core.clj:1)
    shooter.core$eval28368.invoke (\shooter\core.clj:1)
    clojure.lang.Compiler.eval (Compiler.java:6782)
    clojure.lang.Compiler.eval (Compiler.java:6771)
    clojure.lang.Compiler.load (Compiler.java:7227)
    clojure.lang.RT.loadResourceScript (RT.java:371)
    clojure.lang.RT.loadResourceScript (RT.java:362)
    clojure.lang.RT.load (RT.java:446)
    clojure.lang.RT.load (RT.java:412)
    clojure.core$load$fn__5448.invoke (core.clj:5866)
    clojure.core$load.doInvoke (core.clj:5865)
    clojure.lang.RestFn.invoke (RestFn.java:408)
[0mCompiling "resources/public/js/shooter.jsclient.client.js" from ["src" "dev"]...
[31mCompiling "resources/public/js/shooter.jsclient.client.js" failed.[0m
clojure.lang.Compiler$CompilerException: java.lang.RuntimeException: No reader function for tag +cljs, compiling:(shooter/game/engine.cljc:2:76)
 at clojure.lang.Compiler.load (Compiler.java:7234)
    clojure.lang.RT.loadResourceScript (RT.java:371)
    clojure.lang.RT.loadResourceScript (RT.java:362)
    clojure.lang.RT.load (RT.java:446)
    clojure.lang.RT.load (RT.java:412)
    clojure.core$load$fn__5448.invoke (core.clj:5866)
    clojure.core$load.doInvoke (core.clj:5865)
    clojure.lang.RestFn.invoke (RestFn.java:408)
    clojure.core$load_one.invoke (core.clj:5671)
    clojure.core$load_lib$fn__5397.invoke (core.clj:5711)
    clojure.core$load_lib.doInvoke (core.clj:5710)
    clojure.lang.RestFn.applyTo (RestFn.java:142)
    clojure.core$apply.invoke (core.clj:632)
    clojure.core$load_libs.doInvoke (core.clj:5749)
    clojure.lang.RestFn.applyTo (RestFn.java:137)
    clojure.core$apply.invoke (core.clj:632)
    clojure.core$require.doInvoke (core.clj:5832)
    clojure.lang.RestFn.invoke (RestFn.java:512)
    shooter.core$eval28591$loading__5340__auto____28592.invoke (\shooter\core.clj:1)
    shooter.core$eval28591.invoke (\shooter\core.clj:1)
    clojure.lang.Compiler.eval (Compiler.java:6782)
    clojure.lang.Compiler.eval (Compiler.java:6771)
    clojure.lang.Compiler.load (Compiler.java:7227)
    clojure.lang.RT.loadResourceScript (RT.java:371)
    clojure.lang.RT.loadResourceScript (RT.java:362)
    clojure.lang.RT.load (RT.java:446)
    clojure.lang.RT.load (RT.java:412)
    clojure.core$load$fn__5448.invoke (core.clj:5866)
    clojure.core$load.doInvoke (core.clj:5865)
    clojure.lang.RestFn.invoke (RestFn.java:408)
